2023-06-13 14:40:08.332  INFO 2020 --- [main] c.a.msclientes.MsclientesApplication     : Starting MsclientesApplication using Java 17.0.5 on MilleniumFalcon-Desktop with PID 2020 (C:\Development\ws-ms\msclientes\target\classes started by arthurbarbosa in C:\Development\ws-ms\msclientes)
2023-06-13 14:40:08.336  INFO 2020 --- [main] c.a.msclientes.MsclientesApplication     : No active profile set, falling back to 1 default profile: "default"
2023-06-13 14:40:09.538  INFO 2020 --- [main] .s.d.r.c.RepositoryConfigurationDelegate : Bootstrapping Spring Data JPA repositories in DEFAULT mode.
2023-06-13 14:40:09.656  INFO 2020 --- [main] .s.d.r.c.RepositoryConfigurationDelegate : Finished Spring Data repository scanning in 105 ms. Found 1 JPA repository interfaces.
2023-06-13 14:40:09.958  INFO 2020 --- [main] o.s.cloud.context.scope.GenericScope     : BeanFactory id=446c2bc7-c54f-363b-99d7-059d03a71366
2023-06-13 14:40:10.399  INFO 2020 --- [main] o.s.b.w.embedded.tomcat.TomcatWebServer  : Tomcat initialized with port(s): 0 (http)
2023-06-13 14:40:10.423  INFO 2020 --- [main] o.apache.catalina.core.StandardService   : Starting service [Tomcat]
2023-06-13 14:40:10.424  INFO 2020 --- [main] org.apache.catalina.core.StandardEngine  : Starting Servlet engine: [Apache Tomcat/9.0.60]
2023-06-13 14:40:10.583  INFO 2020 --- [main] o.a.c.c.C.[Tomcat].[localhost].[/]       : Initializing Spring embedded WebApplicationContext
2023-06-13 14:40:10.583  INFO 2020 --- [main] w.s.c.ServletWebServerApplicationContext : Root WebApplicationContext: initialization completed in 2177 ms
2023-06-13 14:40:10.890  INFO 2020 --- [main] com.zaxxer.hikari.HikariDataSource       : HikariPool-1 - Starting...
2023-06-13 14:40:11.082  INFO 2020 --- [main] com.zaxxer.hikari.HikariDataSource       : HikariPool-1 - Start completed.
2023-06-13 14:40:11.181  INFO 2020 --- [main] o.hibernate.jpa.internal.util.LogHelper  : HHH000204: Processing PersistenceUnitInfo [name: default]
2023-06-13 14:40:11.276  INFO 2020 --- [main] org.hibernate.Version                    : HHH000412: Hibernate ORM core version 5.6.7.Final
2023-06-13 14:40:11.497  INFO 2020 --- [main] o.hibernate.annotations.common.Version   : HCANN000001: Hibernate Commons Annotations {5.1.2.Final}
2023-06-13 14:40:11.739  INFO 2020 --- [main] org.hibernate.dialect.Dialect            : HHH000400: Using dialect: org.hibernate.dialect.H2Dialect
2023-06-13 14:40:12.519  INFO 2020 --- [main] o.h.e.t.j.p.i.JtaPlatformInitiator       : HHH000490: Using JtaPlatform implementation: [org.hibernate.engine.transaction.jta.platform.internal.NoJtaPlatform]
2023-06-13 14:40:12.529  INFO 2020 --- [main] j.LocalContainerEntityManagerFactoryBean : Initialized JPA EntityManagerFactory for persistence unit 'default'
2023-06-13 14:40:12.994  WARN 2020 --- [main] JpaBaseConfiguration$JpaWebConfiguration : spring.jpa.open-in-view is enabled by default. Therefore, database queries may be performed during view rendering. Explicitly configure spring.jpa.open-in-view to disable this warning
2023-06-13 14:40:14.187  INFO 2020 --- [main] DiscoveryClientOptionalArgsConfiguration : Eureka HTTP Client uses RestTemplate.
2023-06-13 14:40:14.257  WARN 2020 --- [main] iguration$LoadBalancerCaffeineWarnLogger : Spring Cloud LoadBalancer is currently working with the default cache. While this cache implementation is useful for development and tests, it's recommended to use Caffeine cache in production.You can switch to using Caffeine cache, by adding it and org.springframework.cache.caffeine.CaffeineCacheManager to the classpath.
2023-06-13 14:40:14.263  INFO 2020 --- [main] o.s.b.a.e.web.EndpointLinksResolver      : Exposing 17 endpoint(s) beneath base path '/actuator'
2023-06-13 14:40:14.383  INFO 2020 --- [main] o.s.b.w.embedded.tomcat.TomcatWebServer  : Tomcat started on port(s): 53673 (http) with context path ''
2023-06-13 14:40:14.385  INFO 2020 --- [main] .s.c.n.e.s.EurekaAutoServiceRegistration : Updating port to 53673
2023-06-13 14:40:14.389  INFO 2020 --- [main] o.s.c.n.eureka.InstanceInfoFactory       : Setting initial instance status as: STARTING
2023-06-13 14:40:14.425  INFO 2020 --- [main] com.netflix.discovery.DiscoveryClient    : Initializing Eureka in region us-east-1
2023-06-13 14:40:14.431  INFO 2020 --- [main] c.n.d.s.r.aws.ConfigClusterResolver      : Resolving eureka endpoints via configuration
2023-06-13 14:40:14.453  INFO 2020 --- [main] com.netflix.discovery.DiscoveryClient    : Disable delta property : false
2023-06-13 14:40:14.455  INFO 2020 --- [main] com.netflix.discovery.DiscoveryClient    : Single vip registry refresh property : null
2023-06-13 14:40:14.455  INFO 2020 --- [main] com.netflix.discovery.DiscoveryClient    : Force full registry fetch : false
2023-06-13 14:40:14.455  INFO 2020 --- [main] com.netflix.discovery.DiscoveryClient    : Application is null : false
2023-06-13 14:40:14.455  INFO 2020 --- [main] com.netflix.discovery.DiscoveryClient    : Registered Applications size is zero : true
2023-06-13 14:40:14.455  INFO 2020 --- [main] com.netflix.discovery.DiscoveryClient    : Application version is -1: true
2023-06-13 14:40:14.455  INFO 2020 --- [main] com.netflix.discovery.DiscoveryClient    : Getting all instance registry info from the eureka server
2023-06-13 14:40:15.072  INFO 2020 --- [main] com.netflix.discovery.DiscoveryClient    : The response status is 200
2023-06-13 14:40:15.075  INFO 2020 --- [main] com.netflix.discovery.DiscoveryClient    : Starting heartbeat executor: renew interval is: 30
2023-06-13 14:40:15.079  INFO 2020 --- [main] c.n.discovery.InstanceInfoReplicator     : InstanceInfoReplicator onDemand update allowed rate per min is 4
2023-06-13 14:40:15.087  INFO 2020 --- [main] com.netflix.discovery.DiscoveryClient    : Discovery Client initialized at timestamp 1686678015086 with initial instances count: 3
2023-06-13 14:40:15.089  INFO 2020 --- [main] o.s.c.n.e.s.EurekaServiceRegistry        : Registering application MSCLIENTES with eureka with status UP
2023-06-13 14:40:15.090  INFO 2020 --- [main] com.netflix.discovery.DiscoveryClient    : Saw local status change event StatusChangeEvent [timestamp=1686678015090, current=UP, previous=STARTING]
2023-06-13 14:40:15.091  INFO 2020 --- [DiscoveryClient-InstanceInfoReplicator-0] com.netflix.discovery.DiscoveryClient    : DiscoveryClient_MSCLIENTES/msclientes:bc1fde46e98e2e87e0770e8eaac7e2fc: registering service...
2023-06-13 14:40:15.245  INFO 2020 --- [DiscoveryClient-InstanceInfoReplicator-0] com.netflix.discovery.DiscoveryClient    : DiscoveryClient_MSCLIENTES/msclientes:bc1fde46e98e2e87e0770e8eaac7e2fc - registration status: 204
2023-06-13 14:40:15.273  INFO 2020 --- [main] c.a.msclientes.MsclientesApplication     : Started MsclientesApplication in 7.643 seconds (JVM running for 8.371)
2023-06-13 14:40:15.595  INFO 2020 --- [RMI TCP Connection(3)-192.168.0.19] o.a.c.c.C.[Tomcat].[localhost].[/]       : Initializing Spring DispatcherServlet 'dispatcherServlet'
2023-06-13 14:40:15.595  INFO 2020 --- [RMI TCP Connection(3)-192.168.0.19] o.s.web.servlet.DispatcherServlet        : Initializing Servlet 'dispatcherServlet'
2023-06-13 14:40:15.597  INFO 2020 --- [RMI TCP Connection(3)-192.168.0.19] o.s.web.servlet.DispatcherServlet        : Completed initialization in 2 ms
2023-06-13 14:45:14.472  INFO 2020 --- [AsyncResolver-bootstrap-executor-0] c.n.d.s.r.aws.ConfigClusterResolver      : Resolving eureka endpoints via configuration
2023-06-13 14:50:14.486  INFO 2020 --- [AsyncResolver-bootstrap-executor-0] c.n.d.s.r.aws.ConfigClusterResolver      : Resolving eureka endpoints via configuration
2023-06-13 14:53:22.278  INFO 2020 --- [SpringApplicationShutdownHook] o.s.c.n.e.s.EurekaServiceRegistry        : Unregistering application MSCLIENTES with eureka with status DOWN
2023-06-13 14:53:22.280  INFO 2020 --- [SpringApplicationShutdownHook] com.netflix.discovery.DiscoveryClient    : Saw local status change event StatusChangeEvent [timestamp=1686678802280, current=DOWN, previous=UP]
2023-06-13 14:53:22.281  INFO 2020 --- [DiscoveryClient-InstanceInfoReplicator-0] com.netflix.discovery.DiscoveryClient    : DiscoveryClient_MSCLIENTES/msclientes:bc1fde46e98e2e87e0770e8eaac7e2fc: registering service...
2023-06-13 14:53:22.288  INFO 2020 --- [DiscoveryClient-InstanceInfoReplicator-0] com.netflix.discovery.DiscoveryClient    : DiscoveryClient_MSCLIENTES/msclientes:bc1fde46e98e2e87e0770e8eaac7e2fc - registration status: 204
2023-06-13 14:53:22.319  INFO 2020 --- [SpringApplicationShutdownHook] j.LocalContainerEntityManagerFactoryBean : Closing JPA EntityManagerFactory for persistence unit 'default'
2023-06-13 14:53:22.319  INFO 2020 --- [SpringApplicationShutdownHook] .SchemaDropperImpl$DelayedDropActionImpl : HHH000477: Starting delayed evictData of schema as part of SessionFactory shut-down'
2023-06-13 14:53:22.325  INFO 2020 --- [SpringApplicationShutdownHook] com.zaxxer.hikari.HikariDataSource       : HikariPool-1 - Shutdown initiated...
2023-06-13 14:53:22.327  INFO 2020 --- [SpringApplicationShutdownHook] com.zaxxer.hikari.HikariDataSource       : HikariPool-1 - Shutdown completed.
2023-06-13 14:53:22.330  INFO 2020 --- [SpringApplicationShutdownHook] com.netflix.discovery.DiscoveryClient    : Shutting down DiscoveryClient ...
2023-06-13 14:53:25.348  INFO 2020 --- [SpringApplicationShutdownHook] com.netflix.discovery.DiscoveryClient    : Unregistering ...
2023-06-13 14:53:25.352  INFO 2020 --- [SpringApplicationShutdownHook] com.netflix.discovery.DiscoveryClient    : DiscoveryClient_MSCLIENTES/msclientes:bc1fde46e98e2e87e0770e8eaac7e2fc - deregister  status: 200
2023-06-13 14:53:25.358  INFO 2020 --- [SpringApplicationShutdownHook] com.netflix.discovery.DiscoveryClient    : Completed shut down of DiscoveryClient
2023-06-13 14:53:37.670  INFO 19708 --- [main] c.a.msclientes.MsclientesApplication     : Starting MsclientesApplication using Java 17.0.5 on MilleniumFalcon-Desktop with PID 19708 (C:\Development\ws-ms\msclientes\target\classes started by arthurbarbosa in C:\Development\ws-ms\msclientes)
2023-06-13 14:53:37.672  INFO 19708 --- [main] c.a.msclientes.MsclientesApplication     : No active profile set, falling back to 1 default profile: "default"
2023-06-13 14:53:38.853  INFO 19708 --- [main] .s.d.r.c.RepositoryConfigurationDelegate : Bootstrapping Spring Data JPA repositories in DEFAULT mode.
2023-06-13 14:53:38.925  INFO 19708 --- [main] .s.d.r.c.RepositoryConfigurationDelegate : Finished Spring Data repository scanning in 59 ms. Found 1 JPA repository interfaces.
2023-06-13 14:53:39.171  INFO 19708 --- [main] o.s.cloud.context.scope.GenericScope     : BeanFactory id=1beed0bb-9961-3341-9b8a-4b42b28a5990
2023-06-13 14:53:39.604  INFO 19708 --- [main] o.s.b.w.embedded.tomcat.TomcatWebServer  : Tomcat initialized with port(s): 0 (http)
2023-06-13 14:53:39.615  INFO 19708 --- [main] o.apache.catalina.core.StandardService   : Starting service [Tomcat]
2023-06-13 14:53:39.616  INFO 19708 --- [main] org.apache.catalina.core.StandardEngine  : Starting Servlet engine: [Apache Tomcat/9.0.60]
2023-06-13 14:53:39.802  INFO 19708 --- [main] o.a.c.c.C.[Tomcat].[localhost].[/]       : Initializing Spring embedded WebApplicationContext
2023-06-13 14:53:39.802  INFO 19708 --- [main] w.s.c.ServletWebServerApplicationContext : Root WebApplicationContext: initialization completed in 2076 ms
2023-06-13 14:53:40.087  INFO 19708 --- [main] com.zaxxer.hikari.HikariDataSource       : HikariPool-1 - Starting...
2023-06-13 14:53:40.201  INFO 19708 --- [main] com.zaxxer.hikari.HikariDataSource       : HikariPool-1 - Start completed.
2023-06-13 14:53:40.251  INFO 19708 --- [main] o.hibernate.jpa.internal.util.LogHelper  : HHH000204: Processing PersistenceUnitInfo [name: default]
2023-06-13 14:53:40.303  INFO 19708 --- [main] org.hibernate.Version                    : HHH000412: Hibernate ORM core version 5.6.7.Final
2023-06-13 14:53:40.485  INFO 19708 --- [main] o.hibernate.annotations.common.Version   : HCANN000001: Hibernate Commons Annotations {5.1.2.Final}
2023-06-13 14:53:40.613  INFO 19708 --- [main] org.hibernate.dialect.Dialect            : HHH000400: Using dialect: org.hibernate.dialect.H2Dialect
2023-06-13 14:53:41.222  INFO 19708 --- [main] o.h.e.t.j.p.i.JtaPlatformInitiator       : HHH000490: Using JtaPlatform implementation: [org.hibernate.engine.transaction.jta.platform.internal.NoJtaPlatform]
2023-06-13 14:53:41.233  INFO 19708 --- [main] j.LocalContainerEntityManagerFactoryBean : Initialized JPA EntityManagerFactory for persistence unit 'default'
2023-06-13 14:53:41.714  WARN 19708 --- [main] JpaBaseConfiguration$JpaWebConfiguration : spring.jpa.open-in-view is enabled by default. Therefore, database queries may be performed during view rendering. Explicitly configure spring.jpa.open-in-view to disable this warning
2023-06-13 14:53:43.374  INFO 19708 --- [main] DiscoveryClientOptionalArgsConfiguration : Eureka HTTP Client uses RestTemplate.
2023-06-13 14:53:43.443  WARN 19708 --- [main] iguration$LoadBalancerCaffeineWarnLogger : Spring Cloud LoadBalancer is currently working with the default cache. While this cache implementation is useful for development and tests, it's recommended to use Caffeine cache in production.You can switch to using Caffeine cache, by adding it and org.springframework.cache.caffeine.CaffeineCacheManager to the classpath.
2023-06-13 14:53:43.450  INFO 19708 --- [main] o.s.b.a.e.web.EndpointLinksResolver      : Exposing 17 endpoint(s) beneath base path '/actuator'
2023-06-13 14:53:43.568  INFO 19708 --- [main] o.s.b.w.embedded.tomcat.TomcatWebServer  : Tomcat started on port(s): 53799 (http) with context path ''
2023-06-13 14:53:43.569  INFO 19708 --- [main] .s.c.n.e.s.EurekaAutoServiceRegistration : Updating port to 53799
2023-06-13 14:53:43.573  INFO 19708 --- [main] o.s.c.n.eureka.InstanceInfoFactory       : Setting initial instance status as: STARTING
2023-06-13 14:53:43.614  INFO 19708 --- [main] com.netflix.discovery.DiscoveryClient    : Initializing Eureka in region us-east-1
2023-06-13 14:53:43.618  INFO 19708 --- [main] c.n.d.s.r.aws.ConfigClusterResolver      : Resolving eureka endpoints via configuration
2023-06-13 14:53:43.641  INFO 19708 --- [main] com.netflix.discovery.DiscoveryClient    : Disable delta property : false
2023-06-13 14:53:43.641  INFO 19708 --- [main] com.netflix.discovery.DiscoveryClient    : Single vip registry refresh property : null
2023-06-13 14:53:43.641  INFO 19708 --- [main] com.netflix.discovery.DiscoveryClient    : Force full registry fetch : false
2023-06-13 14:53:43.641  INFO 19708 --- [main] com.netflix.discovery.DiscoveryClient    : Application is null : false
2023-06-13 14:53:43.641  INFO 19708 --- [main] com.netflix.discovery.DiscoveryClient    : Registered Applications size is zero : true
2023-06-13 14:53:43.642  INFO 19708 --- [main] com.netflix.discovery.DiscoveryClient    : Application version is -1: true
2023-06-13 14:53:43.642  INFO 19708 --- [main] com.netflix.discovery.DiscoveryClient    : Getting all instance registry info from the eureka server
2023-06-13 14:53:44.108  INFO 19708 --- [main] com.netflix.discovery.DiscoveryClient    : The response status is 200
2023-06-13 14:53:44.114  INFO 19708 --- [main] com.netflix.discovery.DiscoveryClient    : Starting heartbeat executor: renew interval is: 30
2023-06-13 14:53:44.117  INFO 19708 --- [main] c.n.discovery.InstanceInfoReplicator     : InstanceInfoReplicator onDemand update allowed rate per min is 4
2023-06-13 14:53:44.121  INFO 19708 --- [main] com.netflix.discovery.DiscoveryClient    : Discovery Client initialized at timestamp 1686678824121 with initial instances count: 3
2023-06-13 14:53:44.123  INFO 19708 --- [main] o.s.c.n.e.s.EurekaServiceRegistry        : Registering application MSCLIENTES with eureka with status UP
2023-06-13 14:53:44.124  INFO 19708 --- [main] com.netflix.discovery.DiscoveryClient    : Saw local status change event StatusChangeEvent [timestamp=1686678824124, current=UP, previous=STARTING]
2023-06-13 14:53:44.124  INFO 19708 --- [DiscoveryClient-InstanceInfoReplicator-0] com.netflix.discovery.DiscoveryClient    : DiscoveryClient_MSCLIENTES/msclientes:be2c9fb8f2464831cf9c700be930300b: registering service...
2023-06-13 14:53:44.286  INFO 19708 --- [DiscoveryClient-InstanceInfoReplicator-0] com.netflix.discovery.DiscoveryClient    : DiscoveryClient_MSCLIENTES/msclientes:be2c9fb8f2464831cf9c700be930300b - registration status: 204
2023-06-13 14:53:44.316  INFO 19708 --- [main] c.a.msclientes.MsclientesApplication     : Started MsclientesApplication in 7.344 seconds (JVM running for 8.243)
2023-06-13 14:53:44.620  INFO 19708 --- [RMI TCP Connection(1)-192.168.0.19] o.a.c.c.C.[Tomcat].[localhost].[/]       : Initializing Spring DispatcherServlet 'dispatcherServlet'
2023-06-13 14:53:44.621  INFO 19708 --- [RMI TCP Connection(1)-192.168.0.19] o.s.web.servlet.DispatcherServlet        : Initializing Servlet 'dispatcherServlet'
2023-06-13 14:53:44.623  INFO 19708 --- [RMI TCP Connection(1)-192.168.0.19] o.s.web.servlet.DispatcherServlet        : Completed initialization in 2 ms
2023-06-13 14:54:40.730  INFO 19708 --- [http-nio-auto-1-exec-2] o.springdoc.api.AbstractOpenApiResource  : Init duration for springdoc-openapi is: 150 ms
2023-06-13 14:58:43.648  INFO 19708 --- [AsyncResolver-bootstrap-executor-0] c.n.d.s.r.aws.ConfigClusterResolver      : Resolving eureka endpoints via configuration
2023-06-13 15:03:43.665  INFO 19708 --- [AsyncResolver-bootstrap-executor-0] c.n.d.s.r.aws.ConfigClusterResolver      : Resolving eureka endpoints via configuration
2023-06-13 15:08:43.667  INFO 19708 --- [AsyncResolver-bootstrap-executor-0] c.n.d.s.r.aws.ConfigClusterResolver      : Resolving eureka endpoints via configuration
2023-06-13 15:13:43.682  INFO 19708 --- [AsyncResolver-bootstrap-executor-0] c.n.d.s.r.aws.ConfigClusterResolver      : Resolving eureka endpoints via configuration
2023-06-13 15:18:43.692  INFO 19708 --- [AsyncResolver-bootstrap-executor-0] c.n.d.s.r.aws.ConfigClusterResolver      : Resolving eureka endpoints via configuration
2023-06-13 15:23:43.706  INFO 19708 --- [AsyncResolver-bootstrap-executor-0] c.n.d.s.r.aws.ConfigClusterResolver      : Resolving eureka endpoints via configuration
2023-06-13 15:28:43.715  INFO 19708 --- [AsyncResolver-bootstrap-executor-0] c.n.d.s.r.aws.ConfigClusterResolver      : Resolving eureka endpoints via configuration
2023-06-13 15:33:43.721  INFO 19708 --- [AsyncResolver-bootstrap-executor-0] c.n.d.s.r.aws.ConfigClusterResolver      : Resolving eureka endpoints via configuration
2023-06-13 15:38:43.737  INFO 19708 --- [AsyncResolver-bootstrap-executor-0] c.n.d.s.r.aws.ConfigClusterResolver      : Resolving eureka endpoints via configuration
2023-06-13 15:43:43.753  INFO 19708 --- [AsyncResolver-bootstrap-executor-0] c.n.d.s.r.aws.ConfigClusterResolver      : Resolving eureka endpoints via configuration
2023-06-13 15:48:43.761  INFO 19708 --- [AsyncResolver-bootstrap-executor-0] c.n.d.s.r.aws.ConfigClusterResolver      : Resolving eureka endpoints via configuration
2023-06-13 15:53:43.765  INFO 19708 --- [AsyncResolver-bootstrap-executor-0] c.n.d.s.r.aws.ConfigClusterResolver      : Resolving eureka endpoints via configuration
2023-06-13 15:58:43.770  INFO 19708 --- [AsyncResolver-bootstrap-executor-0] c.n.d.s.r.aws.ConfigClusterResolver      : Resolving eureka endpoints via configuration
2023-06-13 16:03:43.777  INFO 19708 --- [AsyncResolver-bootstrap-executor-0] c.n.d.s.r.aws.ConfigClusterResolver      : Resolving eureka endpoints via configuration
2023-06-13 16:08:43.779  INFO 19708 --- [AsyncResolver-bootstrap-executor-0] c.n.d.s.r.aws.ConfigClusterResolver      : Resolving eureka endpoints via configuration
2023-06-13 16:13:43.795  INFO 19708 --- [AsyncResolver-bootstrap-executor-0] c.n.d.s.r.aws.ConfigClusterResolver      : Resolving eureka endpoints via configuration
2023-06-13 16:18:43.805  INFO 19708 --- [AsyncResolver-bootstrap-executor-0] c.n.d.s.r.aws.ConfigClusterResolver      : Resolving eureka endpoints via configuration
2023-06-13 16:23:43.820  INFO 19708 --- [AsyncResolver-bootstrap-executor-0] c.n.d.s.r.aws.ConfigClusterResolver      : Resolving eureka endpoints via configuration
2023-06-13 16:28:43.835  INFO 19708 --- [AsyncResolver-bootstrap-executor-0] c.n.d.s.r.aws.ConfigClusterResolver      : Resolving eureka endpoints via configuration
2023-06-13 16:33:43.845  INFO 19708 --- [AsyncResolver-bootstrap-executor-0] c.n.d.s.r.aws.ConfigClusterResolver      : Resolving eureka endpoints via configuration
2023-06-13 16:38:43.848  INFO 19708 --- [AsyncResolver-bootstrap-executor-0] c.n.d.s.r.aws.ConfigClusterResolver      : Resolving eureka endpoints via configuration
2023-06-13 16:43:43.859  INFO 19708 --- [AsyncResolver-bootstrap-executor-0] c.n.d.s.r.aws.ConfigClusterResolver      : Resolving eureka endpoints via configuration
2023-06-13 16:48:43.866  INFO 19708 --- [AsyncResolver-bootstrap-executor-0] c.n.d.s.r.aws.ConfigClusterResolver      : Resolving eureka endpoints via configuration
2023-06-13 16:53:43.880  INFO 19708 --- [AsyncResolver-bootstrap-executor-0] c.n.d.s.r.aws.ConfigClusterResolver      : Resolving eureka endpoints via configuration
2023-06-13 16:58:43.884  INFO 19708 --- [AsyncResolver-bootstrap-executor-0] c.n.d.s.r.aws.ConfigClusterResolver      : Resolving eureka endpoints via configuration
2023-06-13 17:03:43.887  INFO 19708 --- [AsyncResolver-bootstrap-executor-0] c.n.d.s.r.aws.ConfigClusterResolver      : Resolving eureka endpoints via configuration
2023-06-13 17:08:43.895  INFO 19708 --- [AsyncResolver-bootstrap-executor-0] c.n.d.s.r.aws.ConfigClusterResolver      : Resolving eureka endpoints via configuration
2023-06-13 17:13:43.900  INFO 19708 --- [AsyncResolver-bootstrap-executor-0] c.n.d.s.r.aws.ConfigClusterResolver      : Resolving eureka endpoints via configuration
2023-06-13 17:18:43.914  INFO 19708 --- [AsyncResolver-bootstrap-executor-0] c.n.d.s.r.aws.ConfigClusterResolver      : Resolving eureka endpoints via configuration
2023-06-13 17:23:43.925  INFO 19708 --- [AsyncResolver-bootstrap-executor-0] c.n.d.s.r.aws.ConfigClusterResolver      : Resolving eureka endpoints via configuration
2023-06-13 17:28:43.935  INFO 19708 --- [AsyncResolver-bootstrap-executor-0] c.n.d.s.r.aws.ConfigClusterResolver      : Resolving eureka endpoints via configuration
2023-06-13 17:33:43.942  INFO 19708 --- [AsyncResolver-bootstrap-executor-0] c.n.d.s.r.aws.ConfigClusterResolver      : Resolving eureka endpoints via configuration
2023-06-13 17:38:43.943  INFO 19708 --- [AsyncResolver-bootstrap-executor-0] c.n.d.s.r.aws.ConfigClusterResolver      : Resolving eureka endpoints via configuration
2023-06-13 17:43:43.954  INFO 19708 --- [AsyncResolver-bootstrap-executor-0] c.n.d.s.r.aws.ConfigClusterResolver      : Resolving eureka endpoints via configuration
2023-06-13 17:48:43.969  INFO 19708 --- [AsyncResolver-bootstrap-executor-0] c.n.d.s.r.aws.ConfigClusterResolver      : Resolving eureka endpoints via configuration
2023-06-13 17:53:43.982  INFO 19708 --- [AsyncResolver-bootstrap-executor-0] c.n.d.s.r.aws.ConfigClusterResolver      : Resolving eureka endpoints via configuration
2023-06-13 17:58:43.987  INFO 19708 --- [AsyncResolver-bootstrap-executor-0] c.n.d.s.r.aws.ConfigClusterResolver      : Resolving eureka endpoints via configuration
2023-06-13 18:03:44.002  INFO 19708 --- [AsyncResolver-bootstrap-executor-0] c.n.d.s.r.aws.ConfigClusterResolver      : Resolving eureka endpoints via configuration
