2023-06-13 14:59:03.730  INFO 15168 --- [main] c.a.m.MsavaliadorcreditoApplication      : Starting MsavaliadorcreditoApplication using Java 17.0.5 on MilleniumFalcon-Desktop with PID 15168 (C:\Development\ws-ms\msavaliadorcredito\target\classes started by arthurbarbosa in C:\Development\ws-ms\msavaliadorcredito)
2023-06-13 14:59:03.734  INFO 15168 --- [main] c.a.m.MsavaliadorcreditoApplication      : No active profile set, falling back to 1 default profile: "default"
2023-06-13 14:59:05.087  INFO 15168 --- [main] o.s.cloud.context.scope.GenericScope     : BeanFactory id=03d259f4-9c42-3e2f-96fe-5c1d187f69c8
2023-06-13 14:59:05.389  INFO 15168 --- [main] o.s.b.w.embedded.tomcat.TomcatWebServer  : Tomcat initialized with port(s): 0 (http)
2023-06-13 14:59:05.400  INFO 15168 --- [main] o.apache.catalina.core.StandardService   : Starting service [Tomcat]
2023-06-13 14:59:05.401  INFO 15168 --- [main] org.apache.catalina.core.StandardEngine  : Starting Servlet engine: [Apache Tomcat/9.0.62]
2023-06-13 14:59:05.566  INFO 15168 --- [main] o.a.c.c.C.[Tomcat].[localhost].[/]       : Initializing Spring embedded WebApplicationContext
2023-06-13 14:59:05.566  INFO 15168 --- [main] w.s.c.ServletWebServerApplicationContext : Root WebApplicationContext: initialization completed in 1772 ms
2023-06-13 14:59:05.934  INFO 15168 --- [main] o.s.c.openfeign.FeignClientFactoryBean   : For 'msclientes' URL not provided. Will try picking an instance via load-balancing.
2023-06-13 14:59:05.991  INFO 15168 --- [main] o.s.c.openfeign.FeignClientFactoryBean   : For 'mscartoes' URL not provided. Will try picking an instance via load-balancing.
2023-06-13 14:59:07.295  INFO 15168 --- [main] DiscoveryClientOptionalArgsConfiguration : Eureka HTTP Client uses RestTemplate.
2023-06-13 14:59:07.335  WARN 15168 --- [main] iguration$LoadBalancerCaffeineWarnLogger : Spring Cloud LoadBalancer is currently working with the default cache. While this cache implementation is useful for development and tests, it's recommended to use Caffeine cache in production.You can switch to using Caffeine cache, by adding it and org.springframework.cache.caffeine.CaffeineCacheManager to the classpath.
2023-06-13 14:59:07.343  INFO 15168 --- [main] o.s.b.a.e.web.EndpointLinksResolver      : Exposing 17 endpoint(s) beneath base path '/actuator'
2023-06-13 14:59:07.449  INFO 15168 --- [main] o.s.b.w.embedded.tomcat.TomcatWebServer  : Tomcat started on port(s): 53946 (http) with context path ''
2023-06-13 14:59:07.450  INFO 15168 --- [main] .s.c.n.e.s.EurekaAutoServiceRegistration : Updating port to 53946
2023-06-13 14:59:07.454  INFO 15168 --- [main] o.s.c.n.eureka.InstanceInfoFactory       : Setting initial instance status as: STARTING
2023-06-13 14:59:07.482  INFO 15168 --- [main] com.netflix.discovery.DiscoveryClient    : Initializing Eureka in region us-east-1
2023-06-13 14:59:07.486  INFO 15168 --- [main] c.n.d.s.r.aws.ConfigClusterResolver      : Resolving eureka endpoints via configuration
2023-06-13 14:59:07.502  INFO 15168 --- [main] com.netflix.discovery.DiscoveryClient    : Disable delta property : false
2023-06-13 14:59:07.502  INFO 15168 --- [main] com.netflix.discovery.DiscoveryClient    : Single vip registry refresh property : null
2023-06-13 14:59:07.503  INFO 15168 --- [main] com.netflix.discovery.DiscoveryClient    : Force full registry fetch : false
2023-06-13 14:59:07.503  INFO 15168 --- [main] com.netflix.discovery.DiscoveryClient    : Application is null : false
2023-06-13 14:59:07.503  INFO 15168 --- [main] com.netflix.discovery.DiscoveryClient    : Registered Applications size is zero : true
2023-06-13 14:59:07.503  INFO 15168 --- [main] com.netflix.discovery.DiscoveryClient    : Application version is -1: true
2023-06-13 14:59:07.503  INFO 15168 --- [main] com.netflix.discovery.DiscoveryClient    : Getting all instance registry info from the eureka server
2023-06-13 14:59:07.819  INFO 15168 --- [main] com.netflix.discovery.DiscoveryClient    : The response status is 200
2023-06-13 14:59:07.822  INFO 15168 --- [main] com.netflix.discovery.DiscoveryClient    : Starting heartbeat executor: renew interval is: 30
2023-06-13 14:59:07.824  INFO 15168 --- [main] c.n.discovery.InstanceInfoReplicator     : InstanceInfoReplicator onDemand update allowed rate per min is 4
2023-06-13 14:59:07.833  INFO 15168 --- [main] com.netflix.discovery.DiscoveryClient    : Discovery Client initialized at timestamp 1686679147832 with initial instances count: 3
2023-06-13 14:59:07.834  INFO 15168 --- [main] o.s.c.n.e.s.EurekaServiceRegistry        : Registering application MSAVALIADORCREDITO with eureka with status UP
2023-06-13 14:59:07.834  INFO 15168 --- [main] com.netflix.discovery.DiscoveryClient    : Saw local status change event StatusChangeEvent [timestamp=1686679147834, current=UP, previous=STARTING]
2023-06-13 14:59:07.835  INFO 15168 --- [DiscoveryClient-InstanceInfoReplicator-0] com.netflix.discovery.DiscoveryClient    : DiscoveryClient_MSAVALIADORCREDITO/msavaliadorcredito:2c80f9f194788952a26626386edcecfd: registering service...
2023-06-13 14:59:07.968  INFO 15168 --- [DiscoveryClient-InstanceInfoReplicator-0] com.netflix.discovery.DiscoveryClient    : DiscoveryClient_MSAVALIADORCREDITO/msavaliadorcredito:2c80f9f194788952a26626386edcecfd - registration status: 204
2023-06-13 14:59:07.994  INFO 15168 --- [main] c.a.m.MsavaliadorcreditoApplication      : Started MsavaliadorcreditoApplication in 5.049 seconds (JVM running for 5.725)
2023-06-13 14:59:08.419  INFO 15168 --- [RMI TCP Connection(5)-192.168.0.19] o.s.a.r.c.CachingConnectionFactory       : Attempting to connect to: [localhost:5672]
2023-06-13 14:59:08.423  INFO 15168 --- [RMI TCP Connection(6)-192.168.0.19] o.a.c.c.C.[Tomcat].[localhost].[/]       : Initializing Spring DispatcherServlet 'dispatcherServlet'
2023-06-13 14:59:08.423  INFO 15168 --- [RMI TCP Connection(6)-192.168.0.19] o.s.web.servlet.DispatcherServlet        : Initializing Servlet 'dispatcherServlet'
2023-06-13 14:59:08.428  INFO 15168 --- [RMI TCP Connection(6)-192.168.0.19] o.s.web.servlet.DispatcherServlet        : Completed initialization in 4 ms
2023-06-13 14:59:08.490  INFO 15168 --- [RMI TCP Connection(5)-192.168.0.19] o.s.a.r.c.CachingConnectionFactory       : Created new connection: rabbitConnectionFactory#105db94d:0/SimpleConnection@51c63064 [delegate=amqp://guest@127.0.0.1:5672/, localPort= 53954]
2023-06-13 15:04:07.518  INFO 15168 --- [AsyncResolver-bootstrap-executor-0] c.n.d.s.r.aws.ConfigClusterResolver      : Resolving eureka endpoints via configuration
2023-06-13 15:09:07.528  INFO 15168 --- [AsyncResolver-bootstrap-executor-0] c.n.d.s.r.aws.ConfigClusterResolver      : Resolving eureka endpoints via configuration
2023-06-13 15:14:07.532  INFO 15168 --- [AsyncResolver-bootstrap-executor-0] c.n.d.s.r.aws.ConfigClusterResolver      : Resolving eureka endpoints via configuration
2023-06-13 15:19:07.540  INFO 15168 --- [AsyncResolver-bootstrap-executor-0] c.n.d.s.r.aws.ConfigClusterResolver      : Resolving eureka endpoints via configuration
2023-06-13 15:24:07.544  INFO 15168 --- [AsyncResolver-bootstrap-executor-0] c.n.d.s.r.aws.ConfigClusterResolver      : Resolving eureka endpoints via configuration
2023-06-13 15:29:07.547  INFO 15168 --- [AsyncResolver-bootstrap-executor-0] c.n.d.s.r.aws.ConfigClusterResolver      : Resolving eureka endpoints via configuration
2023-06-13 15:34:07.548  INFO 15168 --- [AsyncResolver-bootstrap-executor-0] c.n.d.s.r.aws.ConfigClusterResolver      : Resolving eureka endpoints via configuration
2023-06-13 15:39:07.561  INFO 15168 --- [AsyncResolver-bootstrap-executor-0] c.n.d.s.r.aws.ConfigClusterResolver      : Resolving eureka endpoints via configuration
2023-06-13 15:44:07.563  INFO 15168 --- [AsyncResolver-bootstrap-executor-0] c.n.d.s.r.aws.ConfigClusterResolver      : Resolving eureka endpoints via configuration
2023-06-13 15:49:07.578  INFO 15168 --- [AsyncResolver-bootstrap-executor-0] c.n.d.s.r.aws.ConfigClusterResolver      : Resolving eureka endpoints via configuration
2023-06-13 15:54:07.595  INFO 15168 --- [AsyncResolver-bootstrap-executor-0] c.n.d.s.r.aws.ConfigClusterResolver      : Resolving eureka endpoints via configuration
2023-06-13 15:59:07.608  INFO 15168 --- [AsyncResolver-bootstrap-executor-0] c.n.d.s.r.aws.ConfigClusterResolver      : Resolving eureka endpoints via configuration
2023-06-13 16:04:07.613  INFO 15168 --- [AsyncResolver-bootstrap-executor-0] c.n.d.s.r.aws.ConfigClusterResolver      : Resolving eureka endpoints via configuration
2023-06-13 16:09:07.629  INFO 15168 --- [AsyncResolver-bootstrap-executor-0] c.n.d.s.r.aws.ConfigClusterResolver      : Resolving eureka endpoints via configuration
2023-06-13 16:14:07.630  INFO 15168 --- [AsyncResolver-bootstrap-executor-0] c.n.d.s.r.aws.ConfigClusterResolver      : Resolving eureka endpoints via configuration
2023-06-13 16:19:07.637  INFO 15168 --- [AsyncResolver-bootstrap-executor-0] c.n.d.s.r.aws.ConfigClusterResolver      : Resolving eureka endpoints via configuration
2023-06-13 16:24:07.648  INFO 15168 --- [AsyncResolver-bootstrap-executor-0] c.n.d.s.r.aws.ConfigClusterResolver      : Resolving eureka endpoints via configuration
2023-06-13 16:29:07.657  INFO 15168 --- [AsyncResolver-bootstrap-executor-0] c.n.d.s.r.aws.ConfigClusterResolver      : Resolving eureka endpoints via configuration
2023-06-13 16:34:07.668  INFO 15168 --- [AsyncResolver-bootstrap-executor-0] c.n.d.s.r.aws.ConfigClusterResolver      : Resolving eureka endpoints via configuration
2023-06-13 16:39:07.669  INFO 15168 --- [AsyncResolver-bootstrap-executor-0] c.n.d.s.r.aws.ConfigClusterResolver      : Resolving eureka endpoints via configuration
2023-06-13 16:44:07.678  INFO 15168 --- [AsyncResolver-bootstrap-executor-0] c.n.d.s.r.aws.ConfigClusterResolver      : Resolving eureka endpoints via configuration
2023-06-13 16:49:07.689  INFO 15168 --- [AsyncResolver-bootstrap-executor-0] c.n.d.s.r.aws.ConfigClusterResolver      : Resolving eureka endpoints via configuration
2023-06-13 16:54:07.705  INFO 15168 --- [AsyncResolver-bootstrap-executor-0] c.n.d.s.r.aws.ConfigClusterResolver      : Resolving eureka endpoints via configuration
2023-06-13 16:59:07.711  INFO 15168 --- [AsyncResolver-bootstrap-executor-0] c.n.d.s.r.aws.ConfigClusterResolver      : Resolving eureka endpoints via configuration
2023-06-13 17:04:07.723  INFO 15168 --- [AsyncResolver-bootstrap-executor-0] c.n.d.s.r.aws.ConfigClusterResolver      : Resolving eureka endpoints via configuration
2023-06-13 17:09:07.737  INFO 15168 --- [AsyncResolver-bootstrap-executor-0] c.n.d.s.r.aws.ConfigClusterResolver      : Resolving eureka endpoints via configuration
2023-06-13 17:14:07.738  INFO 15168 --- [AsyncResolver-bootstrap-executor-0] c.n.d.s.r.aws.ConfigClusterResolver      : Resolving eureka endpoints via configuration
2023-06-13 17:19:07.749  INFO 15168 --- [AsyncResolver-bootstrap-executor-0] c.n.d.s.r.aws.ConfigClusterResolver      : Resolving eureka endpoints via configuration
2023-06-13 17:24:07.765  INFO 15168 --- [AsyncResolver-bootstrap-executor-0] c.n.d.s.r.aws.ConfigClusterResolver      : Resolving eureka endpoints via configuration
2023-06-13 17:29:07.766  INFO 15168 --- [AsyncResolver-bootstrap-executor-0] c.n.d.s.r.aws.ConfigClusterResolver      : Resolving eureka endpoints via configuration
2023-06-13 17:34:07.780  INFO 15168 --- [AsyncResolver-bootstrap-executor-0] c.n.d.s.r.aws.ConfigClusterResolver      : Resolving eureka endpoints via configuration
2023-06-13 17:39:07.793  INFO 15168 --- [AsyncResolver-bootstrap-executor-0] c.n.d.s.r.aws.ConfigClusterResolver      : Resolving eureka endpoints via configuration
2023-06-13 17:44:07.799  INFO 15168 --- [AsyncResolver-bootstrap-executor-0] c.n.d.s.r.aws.ConfigClusterResolver      : Resolving eureka endpoints via configuration
2023-06-13 17:49:07.812  INFO 15168 --- [AsyncResolver-bootstrap-executor-0] c.n.d.s.r.aws.ConfigClusterResolver      : Resolving eureka endpoints via configuration
2023-06-13 17:54:07.817  INFO 15168 --- [AsyncResolver-bootstrap-executor-0] c.n.d.s.r.aws.ConfigClusterResolver      : Resolving eureka endpoints via configuration
2023-06-13 17:59:07.829  INFO 15168 --- [AsyncResolver-bootstrap-executor-0] c.n.d.s.r.aws.ConfigClusterResolver      : Resolving eureka endpoints via configuration
2023-06-13 18:03:09.905  INFO 15168 --- [SpringApplicationShutdownHook] o.s.c.n.e.s.EurekaServiceRegistry        : Unregistering application MSAVALIADORCREDITO with eureka with status DOWN
2023-06-13 18:03:09.906  INFO 15168 --- [SpringApplicationShutdownHook] com.netflix.discovery.DiscoveryClient    : Saw local status change event StatusChangeEvent [timestamp=1686690189906, current=DOWN, previous=UP]
2023-06-13 18:03:09.907  INFO 15168 --- [DiscoveryClient-InstanceInfoReplicator-0] com.netflix.discovery.DiscoveryClient    : DiscoveryClient_MSAVALIADORCREDITO/msavaliadorcredito:2c80f9f194788952a26626386edcecfd: registering service...
2023-06-13 18:03:09.920  INFO 15168 --- [DiscoveryClient-InstanceInfoReplicator-0] com.netflix.discovery.DiscoveryClient    : DiscoveryClient_MSAVALIADORCREDITO/msavaliadorcredito:2c80f9f194788952a26626386edcecfd - registration status: 204
2023-06-13 18:03:10.008  INFO 15168 --- [SpringApplicationShutdownHook] com.netflix.discovery.DiscoveryClient    : Shutting down DiscoveryClient ...
2023-06-13 18:03:13.022  WARN 15168 --- [DiscoveryClient-0] c.netflix.discovery.TimedSupervisorTask  : task supervisor shutting down, can't accept the task
2023-06-13 18:03:13.023  INFO 15168 --- [SpringApplicationShutdownHook] com.netflix.discovery.DiscoveryClient    : Unregistering ...
2023-06-13 18:03:13.026  INFO 15168 --- [SpringApplicationShutdownHook] com.netflix.discovery.DiscoveryClient    : DiscoveryClient_MSAVALIADORCREDITO/msavaliadorcredito:2c80f9f194788952a26626386edcecfd - deregister  status: 200
2023-06-13 18:03:13.032  INFO 15168 --- [SpringApplicationShutdownHook] com.netflix.discovery.DiscoveryClient    : Completed shut down of DiscoveryClient
